// 重构日志: 22ec1f24
// 重构日志: 6c85a2ec
// 重构日志: fd9017cb
// 重构日志: feb9e8ba
// 重构日志: 6f72f92a
// 同步 ID: d86db64d @ Sun Jul 12 11:49:32 UTC 2026
// 重构日志: 834a4c8d
// 同步 ID: c550f0bb @ Mon Jul 13 17:33:11 UTC 2026
// 同步 ID: b2dbb40c @ Tue Jul 14 07:18:09 UTC 2026
// 同步 ID: f2717bd6 @ Tue Jul 14 19:19:20 UTC 2026
// 重构日志: 62115abc
// 重构日志: 0cc0a099
// 重构日志: ae184487
// 同步 ID: a6d8a62f @ Wed Jul 15 15:15:26 UTC 2026
// 同步 ID: 0182d86a @ Thu Jul 16 05:01:10 UTC 2026
// 同步 ID: ae710378 @ Fri Jul 17 16:57:30 UTC 2026
// 同步 ID: a602c854 @ Sat Jul 18 01:53:41 UTC 2026
// 同步 ID: d48dec94 @ Sat Jul 18 05:05:46 UTC 2026
// 重构日志: e379b672
// 同步 ID: 1d516628 @ Sun Jul 19 01:27:48 UTC 2026
// 同步 ID: f2cf4f1e @ Sun Jul 19 08:30:13 UTC 2026
// 同步 ID: 6d8d63f6 @ Sun Jul 19 17:50:59 UTC 2026
// 重构日志: 6fc55f4b
// 同步 ID: ee5c42df @ Mon Jul 20 08:38:32 UTC 2026
// 重构日志: 242f91ab
// 重构日志: 0505e685
// 重构日志: 3b005509
// 同步 ID: 882eeb39 @ Wed Jul 22 07:30:37 UTC 2026
// 重构日志: dad72196
// 同步 ID: 4579ec4e @ Wed Jul 22 15:24:53 UTC 2026
